<?xml version="1.0" encoding="UTF-8"?>
<!-- Generated by org.testng.reporters.JUnitReportReporter -->
<testsuite hostname="USBLRSOMEGHANA1" failures="0" tests="1" name="com.usga.qa.tests.testGetStartedScreen" time="8.438" errors="0" timestamp="2023-05-11T10:26:16 IST" skipped="0">
  <testcase classname="com.usga.qa.tests.testGetStartedScreen" name="testGetStartedButton" time="8.438"/>
  <system-out/>
</testsuite> <!-- com.usga.qa.tests.testGetStartedScreen -->
